0 info it worked if it ends with ok
1 verbose cli [ 'C:\\Program Files\\nodejs\\node.exe',
1 verbose cli   'C:\\Program Files\\nodejs\\node_modules\\npm\\bin\\npm-cli.js',
1 verbose cli   'start' ]
2 info using npm@3.10.8
3 info using node@v7.0.0
4 verbose run-script [ 'prestart', 'start', 'poststart' ]
5 info lifecycle mongodbdemo@1.0.0~prestart: mongodbdemo@1.0.0
6 silly lifecycle mongodbdemo@1.0.0~prestart: no script for prestart, continuing
7 info lifecycle mongodbdemo@1.0.0~start: mongodbdemo@1.0.0
8 verbose lifecycle mongodbdemo@1.0.0~start: unsafe-perm in lifecycle true
9 verbose lifecycle mongodbdemo@1.0.0~start: PATH: C:\Users\Mloong\AppData\Roaming\nvm\v7.0.0\node_modules\npm\bin\node-gyp-bin;C:\Users\Mloong\Desktop\koa-artTemplate-mongodb\node_modules\.bin;D:\maven\apache-maven-3.5.4\bin;C:\Program Files (x86)\Common Files\Intel\Shared Libraries\redist\intel64\compiler;C:\Program Files (x86)\Intel\Intel(R) Management Engine Components\iCLS\;C:\Program Files\Intel\Intel(R) Management Engine Components\iCLS\;C:\Windows\system32;C:\Windows;C:\Windows\System32\Wbem;C:\Windows\System32\WindowsPowerShell\v1.0\;C:\Program Files (x86)\NVIDIA Corporation\PhysX\Common;C:\Program Files (x86)\Intel\Intel(R) Management Engine Components\DAL;C:\Program Files\Intel\Intel(R) Management Engine Components\DAL;C:\Program Files (x86)\Intel\Intel(R) Management Engine Components\IPT;C:\Program Files\Intel\Intel(R) Management Engine Components\IPT;C:\Program Files (x86)\Common Files\microsoft shared\TigerKin;C:\WINDOWS\system32;C:\WINDOWS;C:\WINDOWS\System32\Wbem;C:\WINDOWS\System32\WindowsPowerShell\v1.0\;C:\WINDOWS\System32\OpenSSH\;%NVM_HOME%;C:\Program Files\nodejs;C:\Program Files\Git\cmd;"C:\Program Files\Java\jdk1.7.0_45\bin;C:\Program Files\Java\jdk1.7.0_45\jre\bin;";C:\Program Files\Java\jdk1.8.0_171\bin;C:\Program Files\Java\jdk1.8.0_171\jre\bin;C:\Program Files\Java\jdk1.7.0_45\bin;C:\Program Files\Java\jre7\bin;%SystemRoot\system32;C:\WINDOWS;D:\maven\apache-maven-3.5.4\bin；;C:\Users\Mloong\AppData\Local\Microsoft\WindowsApps;C:\Users\Mloong\AppData\Roaming\nvm;C:\Program Files\nodejs;C:\Users\Mloong\AppData\Local\Programs\Microsoft VS Code\bin;D:\Program Files\JetBrains\IntelliJ IDEA 2018.3.2\bin;
10 verbose lifecycle mongodbdemo@1.0.0~start: CWD: C:\Users\Mloong\Desktop\koa-artTemplate-mongodb
11 silly lifecycle mongodbdemo@1.0.0~start: Args: [ '/d /s /c', 'nodemon ./index.js' ]
12 silly lifecycle mongodbdemo@1.0.0~start: Returned: code: 1  signal: null
13 info lifecycle mongodbdemo@1.0.0~start: Failed to exec start script
14 verbose stack Error: mongodbdemo@1.0.0 start: `nodemon ./index.js`
14 verbose stack Exit status 1
14 verbose stack     at EventEmitter.<anonymous> (C:\Users\Mloong\AppData\Roaming\nvm\v7.0.0\node_modules\npm\lib\utils\lifecycle.js:255:16)
14 verbose stack     at emitTwo (events.js:106:13)
14 verbose stack     at EventEmitter.emit (events.js:191:7)
14 verbose stack     at ChildProcess.<anonymous> (C:\Users\Mloong\AppData\Roaming\nvm\v7.0.0\node_modules\npm\lib\utils\spawn.js:40:14)
14 verbose stack     at emitTwo (events.js:106:13)
14 verbose stack     at ChildProcess.emit (events.js:191:7)
14 verbose stack     at maybeClose (internal/child_process.js:877:16)
14 verbose stack     at Process.ChildProcess._handle.onexit (internal/child_process.js:226:5)
15 verbose pkgid mongodbdemo@1.0.0
16 verbose cwd C:\Users\Mloong\Desktop\koa-artTemplate-mongodb
17 error Windows_NT 10.0.17134
18 error argv "C:\\Program Files\\nodejs\\node.exe" "C:\\Program Files\\nodejs\\node_modules\\npm\\bin\\npm-cli.js" "start"
19 error node v7.0.0
20 error npm  v3.10.8
21 error code ELIFECYCLE
22 error mongodbdemo@1.0.0 start: `nodemon ./index.js`
22 error Exit status 1
23 error Failed at the mongodbdemo@1.0.0 start script 'nodemon ./index.js'.
23 error Make sure you have the latest version of node.js and npm installed.
23 error If you do, this is most likely a problem with the mongodbdemo package,
23 error not with npm itself.
23 error Tell the author that this fails on your system:
23 error     nodemon ./index.js
23 error You can get information on how to open an issue for this project with:
23 error     npm bugs mongodbdemo
23 error Or if that isn't available, you can get their info via:
23 error     npm owner ls mongodbdemo
23 error There is likely additional logging output above.
24 verbose exit [ 1, true ]
